<?xml version="1.0" encoding="UTF-8"?>
<!-- Generated by org.testng.reporters.JUnitReportReporter -->
<testsuite hostname="DESKTOP-K6AB42U" failures="0" tests="1" name="com.inetbanking.testCases.TC_LoginTest_001" time="10.155" errors="0" timestamp="2024-07-10T22:33:23 IST" skipped="0">
  <testcase classname="com.inetbanking.testCases.TC_LoginTest_001" name="loginTest" time="10.155"/>
</testsuite> <!-- com.inetbanking.testCases.TC_LoginTest_001 -->
